<?xml version="1.0" encoding="UTF-8"?><testsuite name="nosetests" tests="78" errors="0" failures="0" skip="0"><testcase classname="test_pbcore_data.TestGetCmpH5" name="test_get_cmp_h5" time="0.001" /><testcase classname="test_pbcore_data.TestGetCmpH5s" name="test_get_cmp_h5s" time="0.000" /><testcase classname="test_pbcore_io_BasH5Reader.TestBasH5Reader_14" name="test_BasH5Reader_basecallsVsCmpH5" time="0.006" /><testcase classname="test_pbcore_io_BasH5Reader.TestBasH5Reader_14" name="test_BasH5Reader_basicTest" time="0.021" /><testcase classname="test_pbcore_io_BasH5Reader.TestBasH5Reader_14" name="test_BasH5Reader_ccs" time="0.001" /><testcase classname="test_pbcore_io_BasH5Reader.TestBasH5Reader_14" name="test_BasH5Reader_productivity" time="0.000" /><testcase classname="test_pbcore_io_BasH5Reader.TestBasH5Reader_14" name="test_BasH5Reader_readScore" time="0.000" /><testcase classname="test_pbcore_io_BasH5Reader.TestBasH5Reader_14" name="test_BasH5Reader_regionTableAccessors" time="0.001" /><testcase classname="test_pbcore_io_BasH5Reader.TestBasH5Reader_14" name="test_ZmwRead_len" time="0.005" /><testcase classname="test_pbcore_io_BasH5Reader.TestBasH5Reader_20" name="test_20_constructor_bash5" time="0.057" /><testcase classname="test_pbcore_io_BasH5Reader.TestBasH5Reader_20" name="test_20_constructor_baxh5" time="0.021" /><testcase classname="test_pbcore_io_BasH5Reader.TestBasH5Reader_20" name="test_all_fields_accessible" time="0.200" /><testcase classname="test_pbcore_io_BasH5Reader.TestBasH5Reader_20" name="test_multipart_constructor_bash5" time="0.097" /><testcase classname="test_pbcore_io_BasH5Reader.TestBasH5Reader_20" name="test_multipart_hole_lookup" time="0.056" /><testcase classname="test_pbcore_io_BasH5Reader.TestBasH5Reader_20" name="test_multippart_constructor_baxh5" time="0.049" /><testcase classname="test_pbcore_io_BasH5Reader.TestBasH5Reader_20" name="test_productivity" time="0.073" /><testcase classname="test_pbcore_io_BasH5Reader.TestBasH5Reader_20" name="test_zmw_multipart_regions" time="0.107" /><testcase classname="test_pbcore_io_BasH5Reader.TestBasH5Reader_20" name="test_zmw_region_table" time="0.052" /><testcase classname="test_pbcore_io_BasH5Reader.TestBasH5Reader_21" name="test_21_constructor_bash5" time="0.054" /><testcase classname="test_pbcore_io_BasH5Reader.TestBasH5Reader_21" name="test_21_constructor_baxh5" time="0.017" /><testcase classname="test_pbcore_io_BasH5Reader.TestBasH5Reader_21" name="test_all_fields_accessible" time="0.152" /><testcase classname="test_pbcore_io_BasH5Reader.TestBasH5Reader_21" name="test_multipart_constructor_bash5" time="0.080" /><testcase classname="test_pbcore_io_BasH5Reader.TestBasH5Reader_21" name="test_multipart_hole_lookup" time="0.052" /><testcase classname="test_pbcore_io_BasH5Reader.TestBasH5Reader_21" name="test_multippart_constructor_baxh5" time="0.027" /><testcase classname="test_pbcore_io_BasH5Reader.TestBasH5Reader_21" name="test_zmw_multipart_regions" time="0.085" /><testcase classname="test_pbcore_io_BasH5Reader.TestBasH5Reader_21" name="test_zmw_region_table" time="0.050" /><testcase classname="test_pbcore_io_BasH5Reader.TestBasH5Reader_CCS" name="test_ccs_zmw" time="4.430" /><testcase classname="test_pbcore_io_BasH5Reader.TestBasH5Reader_CCS" name="test_constructor_ccsh5" time="0.078" /><testcase classname="test_pbcore_io_CmpH5Reader.TestCmpH5Reader" name="test_basicCmpH5Operations" time="0.000" /><testcase classname="test_pbcore_io_CmpH5Reader.TestCmpH5Reader" name="test_cigar" time="0.001" /><testcase classname="test_pbcore_io_CmpH5Reader.TestCmpH5Reader" name="test_clipped_alignment" time="0.006" /><testcase classname="test_pbcore_io_CmpH5Reader.TestCmpH5Reader" name="test_ipd" time="0.001" /><testcase classname="test_pbcore_io_CmpH5Reader.TestCmpH5Reader" name="test_ipd_unaligned" time="0.001" /><testcase classname="test_pbcore_io_CmpH5Reader.TestCmpH5Reader" name="test_openFromH5File" time="0.011" /><testcase classname="test_pbcore_io_CmpH5Reader.TestCmpH5Reader" name="test_read" time="0.001" /><testcase classname="test_pbcore_io_CmpH5Reader.TestCmpH5Reader" name="test_readPositions" time="0.002" /><testcase classname="test_pbcore_io_CmpH5Reader.TestCmpH5Reader" name="test_read_unaligned" time="0.001" /><testcase classname="test_pbcore_io_CmpH5Reader.TestCmpH5Reader" name="test_reads_in_range_bounds" time="0.002" /><testcase classname="test_pbcore_io_CmpH5Reader.TestCmpH5Reader" name="test_reference" time="0.001" /><testcase classname="test_pbcore_io_CmpH5Reader.TestCmpH5Reader" name="test_referencePositions" time="0.002" /><testcase classname="test_pbcore_io_CmpH5Reader.TestCmpH5Reader" name="test_reference_unaligned" time="0.001" /><testcase classname="test_pbcore_io_CmpH5Reader.TestCmpH5Reader" name="test_strandOrientation" time="0.000" /><testcase classname="test_pbcore_io_FastaIO.TestFastaReader" name="test_readFasta" time="0.012" /><testcase classname="test_pbcore_io_FastaIO.TestFastaRecord" name="test__init__" time="0.000" /><testcase classname="test_pbcore_io_FastaIO.TestFastaRecord" name="test__str__" time="0.000" /><testcase classname="test_pbcore_io_FastaIO.TestFastaRecord" name="test_eq" time="0.000" /><testcase classname="test_pbcore_io_FastaIO.TestFastaRecord" name="test_fromString" time="0.000" /><testcase classname="test_pbcore_io_FastaIO.TestFastaRecord" name="test_md5" time="0.000" /><testcase classname="test_pbcore_io_FastaIO.TestFastaRecord" name="test_not_equal" time="0.000" /><testcase classname="test_pbcore_io_FastaIO.TestFastaWriter" name="test_writeFasta1" time="0.001" /><testcase classname="test_pbcore_io_FastaIO.TestFastaWriter" name="test_writeFasta2" time="0.001" /><testcase classname="test_pbcore_io_FastqIO.TestFastqReader" name="test_readFastq1" time="0.000" /><testcase classname="test_pbcore_io_FastqIO.TestFastqReader" name="test_readFastq2" time="0.000" /><testcase classname="test_pbcore_io_FastqIO.TestFastqRecord" name="test__init__" time="0.000" /><testcase classname="test_pbcore_io_FastqIO.TestFastqRecord" name="test__str__" time="0.000" /><testcase classname="test_pbcore_io_FastqIO.TestFastqRecord" name="test_eq" time="0.000" /><testcase classname="test_pbcore_io_FastqIO.TestFastqRecord" name="test_fromString" time="0.000" /><testcase classname="test_pbcore_io_FastqIO.TestFastqRecord" name="test_not_equal" time="0.000" /><testcase classname="test_pbcore_io_FastqIO.TestFastqWriter" name="test_writeFastq1" time="0.000" /><testcase classname="test_pbcore_io_FastqIO.TestFastqWriter" name="test_writeFastq2" time="0.000" /><testcase classname="test_pbcore_io_FastqIO.TestFastqWriter" name="test_writeFastq3" time="0.000" /><testcase classname="test_pbcore_io_FastqIO.TestQvConversion" name="testAsciiFromQvs" time="0.000" /><testcase classname="test_pbcore_io_FastqIO.TestQvConversion" name="testQvsFromAscii" time="0.000" /><testcase classname="test_pbcore_io_GffIO.TestGff3Record" name="test_fromString" time="0.001" /><testcase classname="test_pbcore_io_GffIO.TestGff3Record" name="test_get" time="0.000" /><testcase classname="test_pbcore_io_GffIO.TestGff3Record" name="test_modification" time="0.002" /><testcase classname="test_pbcore_io_GffIO.TestGff3Record" name="test_str" time="0.000" /><testcase classname="test_pbcore_io_GffIO.TestGffReader" name="test__iter__" time="0.004" /><testcase classname="test_pbcore_io_GffIO.TestGffReader" name="test_headers" time="0.001" /><testcase classname="test_pbcore_io_GffIO.TestGffWriter" name="test_writeHeader" time="0.000" /><testcase classname="test_pbcore_io_GffIO.TestGffWriter" name="test_writeRecord" time="0.000" /><testcase classname="test_pbcore_io_ReferenceEntry.TestReferenceRepository" name="test_ReferenceEntry" time="0.017" /><testcase classname="test_pbcore_io_ReferenceEntry.TestReferenceRepository" name="test_ReferenceIndex" time="0.019" /><testcase classname="test_pbcore_io_rangeQueries.TestGetReadsInRange" name="test_coverage_in_range2" time="1.196" /><testcase classname="test_pbcore_io_rangeQueries.TestGetReadsInRange" name="test_get_coverage_in_range" time="0.001" /><testcase classname="test_pbcore_io_rangeQueries.TestGetReadsInRange" name="test_get_reads_in_range" time="0.001" /><testcase classname="test_pbcore_io_rangeQueries.TestGetReadsInRange" name="test_reads_in_range2" time="0.763" /><testcase classname="test_pbcore_io_rangeQueries.TestProjectIntoRange" name="test_project_into_range" time="0.000" /></testsuite>